Testing for Student: Talaba (ID: 8286)
Probing: https://student.jmcu.uz/rest/v1/education/performance ... Status: 200
Probing: https://student.jmcu.uz/rest/v1/education/performance?semester=11 ... Status: 200
Probing: https://student.jmcu.uz/rest/v1/education/grade ... Status: 404
Probing: https://student.jmcu.uz/rest/v1/education/rating ... Status: 404
Probing: https://student.jmcu.uz/rest/v1/student/grade ... Status: 404
Probing: https://student.jmcu.uz/rest/v1/student/performance ... Status: 404
Probing: https://student.jmcu.uz/rest/v1/education/performance ... Status: 200
Probing: https://student.jmcu.uz/rest/v1/education/grade ... Status: 404
Probing: https://student.jmcu.uz/rest/ver1/education/performance ... Status: 404
Probing: https://student.jmcu.uz/rest/ver1/student/grade ... Status: 404
Probing: https://student.jmcu.uz/rest/ver1/student/performance ... Status: 404
Probing: https://student.jmcu.uz/rest/v1/account/me ... Status: 200
  DATA FOUND in 'data'! len=34
  SUCCESS PAYLOAD: {'success': True, 'error': None, 'data': {'id': 8286, 'first_name': 'JAVOHIRXON', 'second_name': 'RAHIMXONOV', 'third_name': 'RUSTAMXON O‘G‘LI', 'full_name': 'RAHIMXONOV JAVOHIRXON RUSTAMXON O‘G‘LI', 'short_name': 'RAHIMXONOV J. R.', 'student_id_number': '395251101397', 'image': 'https://hemis.jmcu....
Fatal error on SSL transport
protocol: <asyncio.sslproto.SSLProtocol object at 0x7f6c2f4708b0>
transport: <_SelectorSocketTransport closing fd=6>
Traceback (most recent call last):
  File "/usr/lib/python3.10/asyncio/selector_events.py", line 924, in write
    n = self._sock.send(data)
OSError: [Errno 9] Bad file descriptor

During handling of the above exception, another exception occurred:

Traceback (most recent call last):
  File "/usr/lib/python3.10/asyncio/sslproto.py", line 690, in _process_write_backlog
    self._transport.write(chunk)
  File "/usr/lib/python3.10/asyncio/selector_events.py", line 930, in write
    self._fatal_error(exc, 'Fatal write error on socket transport')
  File "/usr/lib/python3.10/asyncio/selector_events.py", line 725, in _fatal_error
    self._force_close(exc)
  File "/usr/lib/python3.10/asyncio/selector_events.py", line 737, in _force_close
    self._loop.call_soon(self._call_connection_lost, exc)
  File "/usr/lib/python3.10/asyncio/base_events.py", line 753, in call_soon
    self._check_closed()
  File "/usr/lib/python3.10/asyncio/base_events.py", line 515, in _check_closed
    raise RuntimeError('Event loop is closed')
RuntimeError: Event loop is closed
